Executing tasks: [:app:assembleDebug, :app:assembleDebugUnitTest, :app:assembleDebugAndroidTest] in project C:\Users\Gurpreet\Downloads\InstaChat

AGPBI: {"kind":"warning","text":"The specified Android SDK Build Tools version (34.0.0) is ignored, as it is below the minimum supported version (35.0.0) for Android Gradle Plugin 8.10.1.\nAndroid SDK Build Tools 35.0.0 will be used.\nTo suppress this warning, remove \"buildToolsVersion '34.0.0'\" from your build.gradle file, as each version of the Android Gradle Plugin now has a default version of the build tools.","sources":[{}]}
> Task :nativetemplates:preBuild UP-TO-DATE
> Task :nativetemplates:preDebugBuild UP-TO-DATE
> Task :app:preBuild UP-TO-DATE
> Task :app:preDebugBuild UP-TO-DATE
> Task :app:mergeDebugNativeDebugMetadata NO-SOURCE
> Task :nativetemplates:generateDebugResValues
> Task :nativetemplates:generateDebugResources
> Task :nativetemplates:packageDebugResources
> Task :nativetemplates:writeDebugAarMetadata
> Task :nativetemplates:extractDeepLinksDebug

> Task :nativetemplates:processDebugManifest FAILED
Incorrect package="com.google.android.ads.nativetemplates" found in source AndroidManifest.xml: C:\Users\Gurpreet\Downloads\InstaChat\nativetemplates\src\main\AndroidManifest.xml.
Setting the namespace via the package attribute in the source AndroidManifest.xml is no longer supported.
Recommendation: remove package="com.google.android.ads.nativetemplates" from the source AndroidManifest.xml: C:\Users\Gurpreet\Downloads\InstaChat\nativetemplates\src\main\AndroidManifest.xml.

> Task :nativetemplates:parseDebugLocalResources
> Task :nativetemplates:javaPreCompileDebug
> Task :nativetemplates:mergeDebugShaders
> Task :nativetemplates:compileDebugShaders NO-SOURCE
> Task :nativetemplates:generateDebugAssets UP-TO-DATE
> Task :nativetemplates:mergeDebugAssets
> Task :nativetemplates:generateDebugRFile
> Task :nativetemplates:processDebugJavaRes NO-SOURCE
> Task :nativetemplates:compileDebugJavaWithJavac NO-SOURCE
> Task :nativetemplates:bundleLibRuntimeToJarDebug
> Task :nativetemplates:bundleLibCompileToJarDebug
> Task :nativetemplates:bundleLibRuntimeToDirDebug
> Task :nativetemplates:mergeDebugJniLibFolders
> Task :nativetemplates:mergeDebugNativeLibs NO-SOURCE
> Task :nativetemplates:copyDebugJniLibsProjectOnly
> Task :nativetemplates:compileDebugLibraryResources
> Task :app:dataBindingMergeDependencyArtifactsDebug FAILED
> Task :app:generateDebugResValues
> Task :app:generateDebugResources
> Task :app:processDebugGoogleServices
> Task :app:mergeDebugResources FAILED
> Task :app:packageDebugResources
> Task :app:parseDebugLocalResources
> Task :app:checkDebugAarMetadata FAILED
> Task :app:javaPreCompileDebug
> Task :app:mapDebugSourceSetPaths FAILED
> Task :app:createDebugCompatibleScreenManifests
> Task :app:extractDeepLinksDebug
> Task :app:mergeDebugShaders
> Task :app:compileDebugShaders NO-SOURCE
> Task :app:generateDebugAssets UP-TO-DATE
> Task :app:mergeDebugAssets FAILED
> Task :app:desugarDebugFileDependencies FAILED
> Task :app:checkDebugDuplicateClasses FAILED
> Task :app:mergeDebugJniLibFolders
> Task :app:mergeDebugNativeLibs FAILED
> Task :app:validateSigningDebug
> Task :app:writeDebugAppMetadata
> Task :app:writeDebugSigningConfigVersions
> Task :app:preDebugUnitTestBuild UP-TO-DATE
> Task :app:preDebugAndroidTestBuild SKIPPED
> Task :app:javaPreCompileDebugUnitTest
> Task :app:dataBindingMergeDependencyArtifactsDebugAndroidTest FAILED
> Task :app:generateDebugAndroidTestResValues
> Task :app:generateDebugAndroidTestResources
> Task :app:javaPreCompileDebugAndroidTest
> Task :app:checkDebugAndroidTestAarMetadata FAILED
> Task :app:mapDebugAndroidTestSourceSetPaths
> Task :app:mergeDebugAndroidTestShaders
> Task :app:compileDebugAndroidTestShaders NO-SOURCE
> Task :app:generateDebugAndroidTestAssets UP-TO-DATE
> Task :app:mergeDebugAndroidTestAssets FAILED
> Task :app:desugarDebugAndroidTestFileDependencies
> Task :app:processDebugAndroidTestJavaRes NO-SOURCE
> Task :app:mergeDebugAndroidTestResources
> Task :app:mergeDebugAndroidTestJavaResource FAILED
> Task :app:checkDebugAndroidTestDuplicateClasses FAILED
> Task :app:mergeDebugAndroidTestJniLibFolders
> Task :app:validateSigningDebugAndroidTest
> Task :app:writeDebugAndroidTestSigningConfigVersions
[Incubating] Problems report is available at: file:///C:/Users/Gurpreet/Downloads/InstaChat/build/reports/problems/problems-report.html

FAILURE: Build completed with 14 failures.

1: Task failed with an exception.
-----------
* What went wrong:
Execution failed for task ':nativetemplates:processDebugManifest'.
> A failure occurred while executing com.android.build.gradle.tasks.ProcessLibraryManifest$ProcessLibWorkAction
   > Incorrect package="com.google.android.ads.nativetemplates" found in source AndroidManifest.xml: C:\Users\Gurpreet\Downloads\InstaChat\nativetemplates\src\main\AndroidManifest.xml.
     Setting the namespace via the package attribute in the source AndroidManifest.xml is no longer supported.
     Recommendation: remove package="com.google.android.ads.nativetemplates" from the source AndroidManifest.xml: C:\Users\Gurpreet\Downloads\InstaChat\nativetemplates\src\main\AndroidManifest.xml.

* Try:
> Run with --stacktrace option to get the stack trace.
> Run with --info or --debug option to get more log output.
> Run with --scan to get full insights.
> Get more help at https://help.gradle.org.
==============================================================================

2: Task failed with an exception.
-----------
* What went wrong:
Execution failed for task ':app:dataBindingMergeDependencyArtifactsDebug'.
> Could not resolve all files for configuration ':app:debugCompileClasspath'.
   > Could not find com.muddzdev:styleabletoast:1.0.5.
     Required by:
         project :app
   > Could not find com.tapadoo.android:alerter:7.2.4.
     Required by:
         project :app
   > Could not find com.agrawalsuneet.androidlibs:dotsloader:1.4.
     Required by:
         project :app
   > Could not find com.rishabhharit.roundedimageview:RoundedImageView:0.8.4.
     Required by:
         project :app
   > Could not resolve com.github.danylovolokh:hashtag-helper:1.1.0.
     Required by:
         project :app
      > Could not resolve com.github.danylovolokh:hashtag-helper:1.1.0.
         > Could not get resource 'https://jitpack.io/com/github/danylovolokh/hashtag-helper/1.1.0/hashtag-helper-1.1.0.pom'.
            > Could not GET 'https://jitpack.io/com/github/danylovolokh/hashtag-helper/1.1.0/hashtag-helper-1.1.0.pom'. Received status code 401 from server: Unauthorized

* Try:
> Run with --stacktrace option to get the stack trace.
> Run with --info or --debug option to get more log output.
> Run with --scan to get full insights.
> Get more help at https://help.gradle.org.
==============================================================================

3: Task failed with an exception.
-----------
* What went wrong:
Execution failed for task ':app:mergeDebugResources'.
> Could not resolve all files for configuration ':app:debugRuntimeClasspath'.
   > Could not find com.muddzdev:styleabletoast:1.0.5.
     Searched in the following locations:
       - https://dl.google.com/dl/android/maven2/com/muddzdev/styleabletoast/1.0.5/styleabletoast-1.0.5.pom
       - https://jcenter.bintray.com/com/muddzdev/styleabletoast/1.0.5/styleabletoast-1.0.5.pom
       - https://jitpack.io/com/muddzdev/styleabletoast/1.0.5/styleabletoast-1.0.5.pom
       - https://repo.maven.apache.org/maven2/com/muddzdev/styleabletoast/1.0.5/styleabletoast-1.0.5.pom
     Required by:
         project :app
   > Could not find com.tapadoo.android:alerter:7.2.4.
     Searched in the following locations:
       - https://dl.google.com/dl/android/maven2/com/tapadoo/android/alerter/7.2.4/alerter-7.2.4.pom
       - https://jcenter.bintray.com/com/tapadoo/android/alerter/7.2.4/alerter-7.2.4.pom
       - https://jitpack.io/com/tapadoo/android/alerter/7.2.4/alerter-7.2.4.pom
       - https://repo.maven.apache.org/maven2/com/tapadoo/android/alerter/7.2.4/alerter-7.2.4.pom
     Required by:
         project :app
   > Could not find com.agrawalsuneet.androidlibs:dotsloader:1.4.
     Searched in the following locations:
       - https://dl.google.com/dl/android/maven2/com/agrawalsuneet/androidlibs/dotsloader/1.4/dotsloader-1.4.pom
       - https://jcenter.bintray.com/com/agrawalsuneet/androidlibs/dotsloader/1.4/dotsloader-1.4.pom
       - https://jitpack.io/com/agrawalsuneet/androidlibs/dotsloader/1.4/dotsloader-1.4.pom
       - https://repo.maven.apache.org/maven2/com/agrawalsuneet/androidlibs/dotsloader/1.4/dotsloader-1.4.pom
     Required by:
         project :app
   > Could not find com.rishabhharit.roundedimageview:RoundedImageView:0.8.4.
     Searched in the following locations:
       - https://dl.google.com/dl/android/maven2/com/rishabhharit/roundedimageview/RoundedImageView/0.8.4/RoundedImageView-0.8.4.pom
       - https://jcenter.bintray.com/com/rishabhharit/roundedimageview/RoundedImageView/0.8.4/RoundedImageView-0.8.4.pom
       - https://jitpack.io/com/rishabhharit/roundedimageview/RoundedImageView/0.8.4/RoundedImageView-0.8.4.pom
       - https://repo.maven.apache.org/maven2/com/rishabhharit/roundedimageview/RoundedImageView/0.8.4/RoundedImageView-0.8.4.pom
     Required by:
         project :app
   > Could not resolve com.github.danylovolokh:hashtag-helper:1.1.0.
     Required by:
         project :app
      > Could not resolve com.github.danylovolokh:hashtag-helper:1.1.0.
         > Could not get resource 'https://jitpack.io/com/github/danylovolokh/hashtag-helper/1.1.0/hashtag-helper-1.1.0.pom'.
            > Could not GET 'https://jitpack.io/com/github/danylovolokh/hashtag-helper/1.1.0/hashtag-helper-1.1.0.pom'. Received status code 401 from server: Unauthorized

* Try:
> Run with --stacktrace option to get the stack trace.
> Run with --info or --debug option to get more log output.
> Run with --scan to get full insights.
> Get more help at https://help.gradle.org.
==============================================================================

4: Task failed with an exception.
-----------
* What went wrong:
Execution failed for task ':app:checkDebugAarMetadata'.
> Could not resolve all files for configuration ':app:debugRuntimeClasspath'.
   > Could not find com.muddzdev:styleabletoast:1.0.5.
     Searched in the following locations:
       - https://dl.google.com/dl/android/maven2/com/muddzdev/styleabletoast/1.0.5/styleabletoast-1.0.5.pom
       - https://jcenter.bintray.com/com/muddzdev/styleabletoast/1.0.5/styleabletoast-1.0.5.pom
       - https://jitpack.io/com/muddzdev/styleabletoast/1.0.5/styleabletoast-1.0.5.pom
       - https://repo.maven.apache.org/maven2/com/muddzdev/styleabletoast/1.0.5/styleabletoast-1.0.5.pom
     Required by:
         project :app
   > Could not find com.tapadoo.android:alerter:7.2.4.
     Searched in the following locations:
       - https://dl.google.com/dl/android/maven2/com/tapadoo/android/alerter/7.2.4/alerter-7.2.4.pom
       - https://jcenter.bintray.com/com/tapadoo/android/alerter/7.2.4/alerter-7.2.4.pom
       - https://jitpack.io/com/tapadoo/android/alerter/7.2.4/alerter-7.2.4.pom
       - https://repo.maven.apache.org/maven2/com/tapadoo/android/alerter/7.2.4/alerter-7.2.4.pom
     Required by:
         project :app
   > Could not find com.agrawalsuneet.androidlibs:dotsloader:1.4.
     Searched in the following locations:
       - https://dl.google.com/dl/android/maven2/com/agrawalsuneet/androidlibs/dotsloader/1.4/dotsloader-1.4.pom
       - https://jcenter.bintray.com/com/agrawalsuneet/androidlibs/dotsloader/1.4/dotsloader-1.4.pom
       - https://jitpack.io/com/agrawalsuneet/androidlibs/dotsloader/1.4/dotsloader-1.4.pom
       - https://repo.maven.apache.org/maven2/com/agrawalsuneet/androidlibs/dotsloader/1.4/dotsloader-1.4.pom
     Required by:
         project :app
   > Could not find com.rishabhharit.roundedimageview:RoundedImageView:0.8.4.
     Searched in the following locations:
       - https://dl.google.com/dl/android/maven2/com/rishabhharit/roundedimageview/RoundedImageView/0.8.4/RoundedImageView-0.8.4.pom
       - https://jcenter.bintray.com/com/rishabhharit/roundedimageview/RoundedImageView/0.8.4/RoundedImageView-0.8.4.pom
       - https://jitpack.io/com/rishabhharit/roundedimageview/RoundedImageView/0.8.4/RoundedImageView-0.8.4.pom
       - https://repo.maven.apache.org/maven2/com/rishabhharit/roundedimageview/RoundedImageView/0.8.4/RoundedImageView-0.8.4.pom
     Required by:
         project :app
   > Could not resolve com.github.danylovolokh:hashtag-helper:1.1.0.
     Required by:
         project :app
      > Could not resolve com.github.danylovolokh:hashtag-helper:1.1.0.
         > Could not get resource 'https://jitpack.io/com/github/danylovolokh/hashtag-helper/1.1.0/hashtag-helper-1.1.0.pom'.
            > Could not GET 'https://jitpack.io/com/github/danylovolokh/hashtag-helper/1.1.0/hashtag-helper-1.1.0.pom'. Received status code 401 from server: Unauthorized

* Try:
> Run with --stacktrace option to get the stack trace.
> Run with --info or --debug option to get more log output.
> Run with --scan to get full insights.
> Get more help at https://help.gradle.org.
==============================================================================

5: Task failed with an exception.
-----------
* What went wrong:
Execution failed for task ':app:mapDebugSourceSetPaths'.
> Could not resolve all files for configuration ':app:debugRuntimeClasspath'.
   > Could not find com.muddzdev:styleabletoast:1.0.5.
     Searched in the following locations:
       - https://dl.google.com/dl/android/maven2/com/muddzdev/styleabletoast/1.0.5/styleabletoast-1.0.5.pom
       - https://jcenter.bintray.com/com/muddzdev/styleabletoast/1.0.5/styleabletoast-1.0.5.pom
       - https://jitpack.io/com/muddzdev/styleabletoast/1.0.5/styleabletoast-1.0.5.pom
       - https://repo.maven.apache.org/maven2/com/muddzdev/styleabletoast/1.0.5/styleabletoast-1.0.5.pom
     Required by:
         project :app
   > Could not find com.tapadoo.android:alerter:7.2.4.
     Searched in the following locations:
       - https://dl.google.com/dl/android/maven2/com/tapadoo/android/alerter/7.2.4/alerter-7.2.4.pom
       - https://jcenter.bintray.com/com/tapadoo/android/alerter/7.2.4/alerter-7.2.4.pom
       - https://jitpack.io/com/tapadoo/android/alerter/7.2.4/alerter-7.2.4.pom
       - https://repo.maven.apache.org/maven2/com/tapadoo/android/alerter/7.2.4/alerter-7.2.4.pom
     Required by:
         project :app
   > Could not find com.agrawalsuneet.androidlibs:dotsloader:1.4.
     Searched in the following locations:
       - https://dl.google.com/dl/android/maven2/com/agrawalsuneet/androidlibs/dotsloader/1.4/dotsloader-1.4.pom
       - https://jcenter.bintray.com/com/agrawalsuneet/androidlibs/dotsloader/1.4/dotsloader-1.4.pom
       - https://jitpack.io/com/agrawalsuneet/androidlibs/dotsloader/1.4/dotsloader-1.4.pom
       - https://repo.maven.apache.org/maven2/com/agrawalsuneet/androidlibs/dotsloader/1.4/dotsloader-1.4.pom
     Required by:
         project :app
   > Could not find com.rishabhharit.roundedimageview:RoundedImageView:0.8.4.
     Searched in the following locations:
       - https://dl.google.com/dl/android/maven2/com/rishabhharit/roundedimageview/RoundedImageView/0.8.4/RoundedImageView-0.8.4.pom
       - https://jcenter.bintray.com/com/rishabhharit/roundedimageview/RoundedImageView/0.8.4/RoundedImageView-0.8.4.pom
       - https://jitpack.io/com/rishabhharit/roundedimageview/RoundedImageView/0.8.4/RoundedImageView-0.8.4.pom
       - https://repo.maven.apache.org/maven2/com/rishabhharit/roundedimageview/RoundedImageView/0.8.4/RoundedImageView-0.8.4.pom
     Required by:
         project :app
   > Could not resolve com.github.danylovolokh:hashtag-helper:1.1.0.
     Required by:
         project :app
      > Could not resolve com.github.danylovolokh:hashtag-helper:1.1.0.
         > Could not get resource 'https://jitpack.io/com/github/danylovolokh/hashtag-helper/1.1.0/hashtag-helper-1.1.0.pom'.
            > Could not GET 'https://jitpack.io/com/github/danylovolokh/hashtag-helper/1.1.0/hashtag-helper-1.1.0.pom'. Received status code 401 from server: Unauthorized

* Try:
> Run with --stacktrace option to get the stack trace.
> Run with --info or --debug option to get more log output.
> Run with --scan to get full insights.
> Get more help at https://help.gradle.org.
==============================================================================

6: Task failed with an exception.
-----------
* What went wrong:
Execution failed for task ':app:mergeDebugAssets'.
> Could not resolve all files for configuration ':app:debugRuntimeClasspath'.
   > Could not find com.muddzdev:styleabletoast:1.0.5.
     Searched in the following locations:
       - https://dl.google.com/dl/android/maven2/com/muddzdev/styleabletoast/1.0.5/styleabletoast-1.0.5.pom
       - https://jcenter.bintray.com/com/muddzdev/styleabletoast/1.0.5/styleabletoast-1.0.5.pom
       - https://jitpack.io/com/muddzdev/styleabletoast/1.0.5/styleabletoast-1.0.5.pom
       - https://repo.maven.apache.org/maven2/com/muddzdev/styleabletoast/1.0.5/styleabletoast-1.0.5.pom
     Required by:
         project :app
   > Could not find com.tapadoo.android:alerter:7.2.4.
     Searched in the following locations:
       - https://dl.google.com/dl/android/maven2/com/tapadoo/android/alerter/7.2.4/alerter-7.2.4.pom
       - https://jcenter.bintray.com/com/tapadoo/android/alerter/7.2.4/alerter-7.2.4.pom
       - https://jitpack.io/com/tapadoo/android/alerter/7.2.4/alerter-7.2.4.pom
       - https://repo.maven.apache.org/maven2/com/tapadoo/android/alerter/7.2.4/alerter-7.2.4.pom
     Required by:
         project :app
   > Could not find com.agrawalsuneet.androidlibs:dotsloader:1.4.
     Searched in the following locations:
       - https://dl.google.com/dl/android/maven2/com/agrawalsuneet/androidlibs/dotsloader/1.4/dotsloader-1.4.pom
       - https://jcenter.bintray.com/com/agrawalsuneet/androidlibs/dotsloader/1.4/dotsloader-1.4.pom
       - https://jitpack.io/com/agrawalsuneet/androidlibs/dotsloader/1.4/dotsloader-1.4.pom
       - https://repo.maven.apache.org/maven2/com/agrawalsuneet/androidlibs/dotsloader/1.4/dotsloader-1.4.pom
     Required by:
         project :app
   > Could not find com.rishabhharit.roundedimageview:RoundedImageView:0.8.4.
     Searched in the following locations:
       - https://dl.google.com/dl/android/maven2/com/rishabhharit/roundedimageview/RoundedImageView/0.8.4/RoundedImageView-0.8.4.pom
       - https://jcenter.bintray.com/com/rishabhharit/roundedimageview/RoundedImageView/0.8.4/RoundedImageView-0.8.4.pom
       - https://jitpack.io/com/rishabhharit/roundedimageview/RoundedImageView/0.8.4/RoundedImageView-0.8.4.pom
       - https://repo.maven.apache.org/maven2/com/rishabhharit/roundedimageview/RoundedImageView/0.8.4/RoundedImageView-0.8.4.pom
     Required by:
         project :app
   > Could not resolve com.github.danylovolokh:hashtag-helper:1.1.0.
     Required by:
         project :app
      > Could not resolve com.github.danylovolokh:hashtag-helper:1.1.0.
         > Could not get resource 'https://jitpack.io/com/github/danylovolokh/hashtag-helper/1.1.0/hashtag-helper-1.1.0.pom'.
            > Could not GET 'https://jitpack.io/com/github/danylovolokh/hashtag-helper/1.1.0/hashtag-helper-1.1.0.pom'. Received status code 401 from server: Unauthorized

* Try:
> Run with --stacktrace option to get the stack trace.
> Run with --info or --debug option to get more log output.
> Run with --scan to get full insights.
> Get more help at https://help.gradle.org.
==============================================================================

7: Task failed with an exception.
-----------
* What went wrong:
Execution failed for task ':app:desugarDebugFileDependencies'.
> Could not resolve all files for configuration ':app:debugRuntimeClasspath'.
   > Could not find com.muddzdev:styleabletoast:1.0.5.
     Searched in the following locations:
       - https://dl.google.com/dl/android/maven2/com/muddzdev/styleabletoast/1.0.5/styleabletoast-1.0.5.pom
       - https://jcenter.bintray.com/com/muddzdev/styleabletoast/1.0.5/styleabletoast-1.0.5.pom
       - https://jitpack.io/com/muddzdev/styleabletoast/1.0.5/styleabletoast-1.0.5.pom
       - https://repo.maven.apache.org/maven2/com/muddzdev/styleabletoast/1.0.5/styleabletoast-1.0.5.pom
     Required by:
         project :app
   > Could not find com.tapadoo.android:alerter:7.2.4.
     Searched in the following locations:
       - https://dl.google.com/dl/android/maven2/com/tapadoo/android/alerter/7.2.4/alerter-7.2.4.pom
       - https://jcenter.bintray.com/com/tapadoo/android/alerter/7.2.4/alerter-7.2.4.pom
       - https://jitpack.io/com/tapadoo/android/alerter/7.2.4/alerter-7.2.4.pom
       - https://repo.maven.apache.org/maven2/com/tapadoo/android/alerter/7.2.4/alerter-7.2.4.pom
     Required by:
         project :app
   > Could not find com.agrawalsuneet.androidlibs:dotsloader:1.4.
     Searched in the following locations:
       - https://dl.google.com/dl/android/maven2/com/agrawalsuneet/androidlibs/dotsloader/1.4/dotsloader-1.4.pom
       - https://jcenter.bintray.com/com/agrawalsuneet/androidlibs/dotsloader/1.4/dotsloader-1.4.pom
       - https://jitpack.io/com/agrawalsuneet/androidlibs/dotsloader/1.4/dotsloader-1.4.pom
       - https://repo.maven.apache.org/maven2/com/agrawalsuneet/androidlibs/dotsloader/1.4/dotsloader-1.4.pom
     Required by:
         project :app
   > Could not find com.rishabhharit.roundedimageview:RoundedImageView:0.8.4.
     Searched in the following locations:
       - https://dl.google.com/dl/android/maven2/com/rishabhharit/roundedimageview/RoundedImageView/0.8.4/RoundedImageView-0.8.4.pom
       - https://jcenter.bintray.com/com/rishabhharit/roundedimageview/RoundedImageView/0.8.4/RoundedImageView-0.8.4.pom
       - https://jitpack.io/com/rishabhharit/roundedimageview/RoundedImageView/0.8.4/RoundedImageView-0.8.4.pom
       - https://repo.maven.apache.org/maven2/com/rishabhharit/roundedimageview/RoundedImageView/0.8.4/RoundedImageView-0.8.4.pom
     Required by:
         project :app
   > Could not resolve com.github.danylovolokh:hashtag-helper:1.1.0.
     Required by:
         project :app
      > Could not resolve com.github.danylovolokh:hashtag-helper:1.1.0.
         > Could not get resource 'https://jitpack.io/com/github/danylovolokh/hashtag-helper/1.1.0/hashtag-helper-1.1.0.pom'.
            > Could not GET 'https://jitpack.io/com/github/danylovolokh/hashtag-helper/1.1.0/hashtag-helper-1.1.0.pom'. Received status code 401 from server: Unauthorized

* Try:
> Run with --stacktrace option to get the stack trace.
> Run with --info or --debug option to get more log output.
> Run with --scan to get full insights.
> Get more help at https://help.gradle.org.
==============================================================================

8: Task failed with an exception.
-----------
* What went wrong:
Execution failed for task ':app:checkDebugDuplicateClasses'.
> Could not resolve all files for configuration ':app:debugRuntimeClasspath'.
   > Could not find com.muddzdev:styleabletoast:1.0.5.
     Searched in the following locations:
       - https://dl.google.com/dl/android/maven2/com/muddzdev/styleabletoast/1.0.5/styleabletoast-1.0.5.pom
       - https://jcenter.bintray.com/com/muddzdev/styleabletoast/1.0.5/styleabletoast-1.0.5.pom
       - https://jitpack.io/com/muddzdev/styleabletoast/1.0.5/styleabletoast-1.0.5.pom
       - https://repo.maven.apache.org/maven2/com/muddzdev/styleabletoast/1.0.5/styleabletoast-1.0.5.pom
     Required by:
         project :app
   > Could not find com.tapadoo.android:alerter:7.2.4.
     Searched in the following locations:
       - https://dl.google.com/dl/android/maven2/com/tapadoo/android/alerter/7.2.4/alerter-7.2.4.pom
       - https://jcenter.bintray.com/com/tapadoo/android/alerter/7.2.4/alerter-7.2.4.pom
       - https://jitpack.io/com/tapadoo/android/alerter/7.2.4/alerter-7.2.4.pom
       - https://repo.maven.apache.org/maven2/com/tapadoo/android/alerter/7.2.4/alerter-7.2.4.pom
     Required by:
         project :app
   > Could not find com.agrawalsuneet.androidlibs:dotsloader:1.4.
     Searched in the following locations:
       - https://dl.google.com/dl/android/maven2/com/agrawalsuneet/androidlibs/dotsloader/1.4/dotsloader-1.4.pom
       - https://jcenter.bintray.com/com/agrawalsuneet/androidlibs/dotsloader/1.4/dotsloader-1.4.pom
       - https://jitpack.io/com/agrawalsuneet/androidlibs/dotsloader/1.4/dotsloader-1.4.pom
       - https://repo.maven.apache.org/maven2/com/agrawalsuneet/androidlibs/dotsloader/1.4/dotsloader-1.4.pom
     Required by:
         project :app
   > Could not find com.rishabhharit.roundedimageview:RoundedImageView:0.8.4.
     Searched in the following locations:
       - https://dl.google.com/dl/android/maven2/com/rishabhharit/roundedimageview/RoundedImageView/0.8.4/RoundedImageView-0.8.4.pom
       - https://jcenter.bintray.com/com/rishabhharit/roundedimageview/RoundedImageView/0.8.4/RoundedImageView-0.8.4.pom
       - https://jitpack.io/com/rishabhharit/roundedimageview/RoundedImageView/0.8.4/RoundedImageView-0.8.4.pom
       - https://repo.maven.apache.org/maven2/com/rishabhharit/roundedimageview/RoundedImageView/0.8.4/RoundedImageView-0.8.4.pom
     Required by:
         project :app
   > Could not resolve com.github.danylovolokh:hashtag-helper:1.1.0.
     Required by:
         project :app
      > Could not resolve com.github.danylovolokh:hashtag-helper:1.1.0.
         > Could not get resource 'https://jitpack.io/com/github/danylovolokh/hashtag-helper/1.1.0/hashtag-helper-1.1.0.pom'.
            > Could not GET 'https://jitpack.io/com/github/danylovolokh/hashtag-helper/1.1.0/hashtag-helper-1.1.0.pom'. Received status code 401 from server: Unauthorized

* Try:
> Run with --stacktrace option to get the stack trace.
> Run with --info or --debug option to get more log output.
> Run with --scan to get full insights.
> Get more help at https://help.gradle.org.
==============================================================================

9: Task failed with an exception.
-----------
* What went wrong:
Execution failed for task ':app:mergeDebugNativeLibs'.
> Could not resolve all files for configuration ':app:debugRuntimeClasspath'.
   > Could not find com.muddzdev:styleabletoast:1.0.5.
     Searched in the following locations:
       - https://dl.google.com/dl/android/maven2/com/muddzdev/styleabletoast/1.0.5/styleabletoast-1.0.5.pom
       - https://jcenter.bintray.com/com/muddzdev/styleabletoast/1.0.5/styleabletoast-1.0.5.pom
       - https://jitpack.io/com/muddzdev/styleabletoast/1.0.5/styleabletoast-1.0.5.pom
       - https://repo.maven.apache.org/maven2/com/muddzdev/styleabletoast/1.0.5/styleabletoast-1.0.5.pom
     Required by:
         project :app
   > Could not find com.tapadoo.android:alerter:7.2.4.
     Searched in the following locations:
       - https://dl.google.com/dl/android/maven2/com/tapadoo/android/alerter/7.2.4/alerter-7.2.4.pom
       - https://jcenter.bintray.com/com/tapadoo/android/alerter/7.2.4/alerter-7.2.4.pom
       - https://jitpack.io/com/tapadoo/android/alerter/7.2.4/alerter-7.2.4.pom
       - https://repo.maven.apache.org/maven2/com/tapadoo/android/alerter/7.2.4/alerter-7.2.4.pom
     Required by:
         project :app
   > Could not find com.agrawalsuneet.androidlibs:dotsloader:1.4.
     Searched in the following locations:
       - https://dl.google.com/dl/android/maven2/com/agrawalsuneet/androidlibs/dotsloader/1.4/dotsloader-1.4.pom
       - https://jcenter.bintray.com/com/agrawalsuneet/androidlibs/dotsloader/1.4/dotsloader-1.4.pom
       - https://jitpack.io/com/agrawalsuneet/androidlibs/dotsloader/1.4/dotsloader-1.4.pom
       - https://repo.maven.apache.org/maven2/com/agrawalsuneet/androidlibs/dotsloader/1.4/dotsloader-1.4.pom
     Required by:
         project :app
   > Could not find com.rishabhharit.roundedimageview:RoundedImageView:0.8.4.
     Searched in the following locations:
       - https://dl.google.com/dl/android/maven2/com/rishabhharit/roundedimageview/RoundedImageView/0.8.4/RoundedImageView-0.8.4.pom
       - https://jcenter.bintray.com/com/rishabhharit/roundedimageview/RoundedImageView/0.8.4/RoundedImageView-0.8.4.pom
       - https://jitpack.io/com/rishabhharit/roundedimageview/RoundedImageView/0.8.4/RoundedImageView-0.8.4.pom
       - https://repo.maven.apache.org/maven2/com/rishabhharit/roundedimageview/RoundedImageView/0.8.4/RoundedImageView-0.8.4.pom
     Required by:
         project :app
   > Could not resolve com.github.danylovolokh:hashtag-helper:1.1.0.
     Required by:
         project :app
      > Could not resolve com.github.danylovolokh:hashtag-helper:1.1.0.
         > Could not get resource 'https://jitpack.io/com/github/danylovolokh/hashtag-helper/1.1.0/hashtag-helper-1.1.0.pom'.
            > Could not GET 'https://jitpack.io/com/github/danylovolokh/hashtag-helper/1.1.0/hashtag-helper-1.1.0.pom'. Received status code 401 from server: Unauthorized

* Try:
> Run with --stacktrace option to get the stack trace.
> Run with --info or --debug option to get more log output.
> Run with --scan to get full insights.
> Get more help at https://help.gradle.org.
==============================================================================

10: Task failed with an exception.
-----------
* What went wrong:
Execution failed for task ':app:dataBindingMergeDependencyArtifactsDebugAndroidTest'.
> Could not resolve all files for configuration ':app:debugAndroidTestCompileClasspath'.
   > Could not find com.muddzdev:styleabletoast:1.0.5.
     Required by:
         project :app
   > Could not find com.tapadoo.android:alerter:7.2.4.
     Required by:
         project :app
   > Could not find com.agrawalsuneet.androidlibs:dotsloader:1.4.
     Required by:
         project :app
   > Could not find com.rishabhharit.roundedimageview:RoundedImageView:0.8.4.
     Required by:
         project :app
   > Could not resolve com.github.danylovolokh:hashtag-helper:1.1.0.
     Required by:
         project :app
      > Could not resolve com.github.danylovolokh:hashtag-helper:1.1.0.
         > Could not get resource 'https://jitpack.io/com/github/danylovolokh/hashtag-helper/1.1.0/hashtag-helper-1.1.0.pom'.
            > Could not GET 'https://jitpack.io/com/github/danylovolokh/hashtag-helper/1.1.0/hashtag-helper-1.1.0.pom'. Received status code 401 from server: Unauthorized

* Try:
> Run with --stacktrace option to get the stack trace.
> Run with --info or --debug option to get more log output.
> Run with --scan to get full insights.
> Get more help at https://help.gradle.org.
==============================================================================

11: Task failed with an exception.
-----------
* What went wrong:
Execution failed for task ':app:checkDebugAndroidTestAarMetadata'.
> Could not resolve all files for configuration ':app:debugRuntimeClasspath'.
   > Could not find com.muddzdev:styleabletoast:1.0.5.
     Searched in the following locations:
       - https://dl.google.com/dl/android/maven2/com/muddzdev/styleabletoast/1.0.5/styleabletoast-1.0.5.pom
       - https://jcenter.bintray.com/com/muddzdev/styleabletoast/1.0.5/styleabletoast-1.0.5.pom
       - https://jitpack.io/com/muddzdev/styleabletoast/1.0.5/styleabletoast-1.0.5.pom
       - https://repo.maven.apache.org/maven2/com/muddzdev/styleabletoast/1.0.5/styleabletoast-1.0.5.pom
     Required by:
         project :app
   > Could not find com.tapadoo.android:alerter:7.2.4.
     Searched in the following locations:
       - https://dl.google.com/dl/android/maven2/com/tapadoo/android/alerter/7.2.4/alerter-7.2.4.pom
       - https://jcenter.bintray.com/com/tapadoo/android/alerter/7.2.4/alerter-7.2.4.pom
       - https://jitpack.io/com/tapadoo/android/alerter/7.2.4/alerter-7.2.4.pom
       - https://repo.maven.apache.org/maven2/com/tapadoo/android/alerter/7.2.4/alerter-7.2.4.pom
     Required by:
         project :app
   > Could not find com.agrawalsuneet.androidlibs:dotsloader:1.4.
     Searched in the following locations:
       - https://dl.google.com/dl/android/maven2/com/agrawalsuneet/androidlibs/dotsloader/1.4/dotsloader-1.4.pom
       - https://jcenter.bintray.com/com/agrawalsuneet/androidlibs/dotsloader/1.4/dotsloader-1.4.pom
       - https://jitpack.io/com/agrawalsuneet/androidlibs/dotsloader/1.4/dotsloader-1.4.pom
       - https://repo.maven.apache.org/maven2/com/agrawalsuneet/androidlibs/dotsloader/1.4/dotsloader-1.4.pom
     Required by:
         project :app
   > Could not find com.rishabhharit.roundedimageview:RoundedImageView:0.8.4.
     Searched in the following locations:
       - https://dl.google.com/dl/android/maven2/com/rishabhharit/roundedimageview/RoundedImageView/0.8.4/RoundedImageView-0.8.4.pom
       - https://jcenter.bintray.com/com/rishabhharit/roundedimageview/RoundedImageView/0.8.4/RoundedImageView-0.8.4.pom
       - https://jitpack.io/com/rishabhharit/roundedimageview/RoundedImageView/0.8.4/RoundedImageView-0.8.4.pom
       - https://repo.maven.apache.org/maven2/com/rishabhharit/roundedimageview/RoundedImageView/0.8.4/RoundedImageView-0.8.4.pom
     Required by:
         project :app
   > Could not resolve com.github.danylovolokh:hashtag-helper:1.1.0.
     Required by:
         project :app
      > Could not resolve com.github.danylovolokh:hashtag-helper:1.1.0.
         > Could not get resource 'https://jitpack.io/com/github/danylovolokh/hashtag-helper/1.1.0/hashtag-helper-1.1.0.pom'.
            > Could not GET 'https://jitpack.io/com/github/danylovolokh/hashtag-helper/1.1.0/hashtag-helper-1.1.0.pom'. Received status code 401 from server: Unauthorized

* Try:
> Run with --stacktrace option to get the stack trace.
> Run with --info or --debug option to get more log output.
> Run with --scan to get full insights.
> Get more help at https://help.gradle.org.
==============================================================================

12: Task failed with an exception.
-----------
* What went wrong:
Execution failed for task ':app:mergeDebugAndroidTestAssets'.
> Could not resolve all artifacts for configuration ':app:debugRuntimeClasspath'.
   > Could not find com.muddzdev:styleabletoast:1.0.5.
     Searched in the following locations:
       - https://dl.google.com/dl/android/maven2/com/muddzdev/styleabletoast/1.0.5/styleabletoast-1.0.5.pom
       - https://jcenter.bintray.com/com/muddzdev/styleabletoast/1.0.5/styleabletoast-1.0.5.pom
       - https://jitpack.io/com/muddzdev/styleabletoast/1.0.5/styleabletoast-1.0.5.pom
       - https://repo.maven.apache.org/maven2/com/muddzdev/styleabletoast/1.0.5/styleabletoast-1.0.5.pom
     Required by:
         project :app
   > Could not find com.tapadoo.android:alerter:7.2.4.
     Searched in the following locations:
       - https://dl.google.com/dl/android/maven2/com/tapadoo/android/alerter/7.2.4/alerter-7.2.4.pom
       - https://jcenter.bintray.com/com/tapadoo/android/alerter/7.2.4/alerter-7.2.4.pom
       - https://jitpack.io/com/tapadoo/android/alerter/7.2.4/alerter-7.2.4.pom
       - https://repo.maven.apache.org/maven2/com/tapadoo/android/alerter/7.2.4/alerter-7.2.4.pom
     Required by:
         project :app
   > Could not find com.agrawalsuneet.androidlibs:dotsloader:1.4.
     Searched in the following locations:
       - https://dl.google.com/dl/android/maven2/com/agrawalsuneet/androidlibs/dotsloader/1.4/dotsloader-1.4.pom
       - https://jcenter.bintray.com/com/agrawalsuneet/androidlibs/dotsloader/1.4/dotsloader-1.4.pom
       - https://jitpack.io/com/agrawalsuneet/androidlibs/dotsloader/1.4/dotsloader-1.4.pom
       - https://repo.maven.apache.org/maven2/com/agrawalsuneet/androidlibs/dotsloader/1.4/dotsloader-1.4.pom
     Required by:
         project :app
   > Could not find com.rishabhharit.roundedimageview:RoundedImageView:0.8.4.
     Searched in the following locations:
       - https://dl.google.com/dl/android/maven2/com/rishabhharit/roundedimageview/RoundedImageView/0.8.4/RoundedImageView-0.8.4.pom
       - https://jcenter.bintray.com/com/rishabhharit/roundedimageview/RoundedImageView/0.8.4/RoundedImageView-0.8.4.pom
       - https://jitpack.io/com/rishabhharit/roundedimageview/RoundedImageView/0.8.4/RoundedImageView-0.8.4.pom
       - https://repo.maven.apache.org/maven2/com/rishabhharit/roundedimageview/RoundedImageView/0.8.4/RoundedImageView-0.8.4.pom
     Required by:
         project :app
   > Could not resolve com.github.danylovolokh:hashtag-helper:1.1.0.
     Required by:
         project :app
      > Could not resolve com.github.danylovolokh:hashtag-helper:1.1.0.
         > Could not get resource 'https://jitpack.io/com/github/danylovolokh/hashtag-helper/1.1.0/hashtag-helper-1.1.0.pom'.
            > Could not GET 'https://jitpack.io/com/github/danylovolokh/hashtag-helper/1.1.0/hashtag-helper-1.1.0.pom'. Received status code 401 from server: Unauthorized

* Try:
> Run with --stacktrace option to get the stack trace.
> Run with --info or --debug option to get more log output.
> Run with --scan to get full insights.
> Get more help at https://help.gradle.org.
==============================================================================

13: Task failed with an exception.
-----------
* What went wrong:
Execution failed for task ':app:mergeDebugAndroidTestJavaResource'.
> Could not resolve all files for configuration ':app:debugRuntimeClasspath'.
   > Could not find com.muddzdev:styleabletoast:1.0.5.
     Searched in the following locations:
       - https://dl.google.com/dl/android/maven2/com/muddzdev/styleabletoast/1.0.5/styleabletoast-1.0.5.pom
       - https://jcenter.bintray.com/com/muddzdev/styleabletoast/1.0.5/styleabletoast-1.0.5.pom
       - https://jitpack.io/com/muddzdev/styleabletoast/1.0.5/styleabletoast-1.0.5.pom
       - https://repo.maven.apache.org/maven2/com/muddzdev/styleabletoast/1.0.5/styleabletoast-1.0.5.pom
     Required by:
         project :app
   > Could not find com.tapadoo.android:alerter:7.2.4.
     Searched in the following locations:
       - https://dl.google.com/dl/android/maven2/com/tapadoo/android/alerter/7.2.4/alerter-7.2.4.pom
       - https://jcenter.bintray.com/com/tapadoo/android/alerter/7.2.4/alerter-7.2.4.pom
       - https://jitpack.io/com/tapadoo/android/alerter/7.2.4/alerter-7.2.4.pom
       - https://repo.maven.apache.org/maven2/com/tapadoo/android/alerter/7.2.4/alerter-7.2.4.pom
     Required by:
         project :app
   > Could not find com.agrawalsuneet.androidlibs:dotsloader:1.4.
     Searched in the following locations:
       - https://dl.google.com/dl/android/maven2/com/agrawalsuneet/androidlibs/dotsloader/1.4/dotsloader-1.4.pom
       - https://jcenter.bintray.com/com/agrawalsuneet/androidlibs/dotsloader/1.4/dotsloader-1.4.pom
       - https://jitpack.io/com/agrawalsuneet/androidlibs/dotsloader/1.4/dotsloader-1.4.pom
       - https://repo.maven.apache.org/maven2/com/agrawalsuneet/androidlibs/dotsloader/1.4/dotsloader-1.4.pom
     Required by:
         project :app
   > Could not find com.rishabhharit.roundedimageview:RoundedImageView:0.8.4.
     Searched in the following locations:
       - https://dl.google.com/dl/android/maven2/com/rishabhharit/roundedimageview/RoundedImageView/0.8.4/RoundedImageView-0.8.4.pom
       - https://jcenter.bintray.com/com/rishabhharit/roundedimageview/RoundedImageView/0.8.4/RoundedImageView-0.8.4.pom
       - https://jitpack.io/com/rishabhharit/roundedimageview/RoundedImageView/0.8.4/RoundedImageView-0.8.4.pom
       - https://repo.maven.apache.org/maven2/com/rishabhharit/roundedimageview/RoundedImageView/0.8.4/RoundedImageView-0.8.4.pom
     Required by:
         project :app
   > Could not resolve com.github.danylovolokh:hashtag-helper:1.1.0.
     Required by:
         project :app
      > Could not resolve com.github.danylovolokh:hashtag-helper:1.1.0.
         > Could not get resource 'https://jitpack.io/com/github/danylovolokh/hashtag-helper/1.1.0/hashtag-helper-1.1.0.pom'.
            > Could not GET 'https://jitpack.io/com/github/danylovolokh/hashtag-helper/1.1.0/hashtag-helper-1.1.0.pom'. Received status code 401 from server: Unauthorized

* Try:
> Run with --stacktrace option to get the stack trace.
> Run with --info or --debug option to get more log output.
> Run with --scan to get full insights.
> Get more help at https://help.gradle.org.
==============================================================================

14: Task failed with an exception.
-----------
* What went wrong:
Execution failed for task ':app:checkDebugAndroidTestDuplicateClasses'.
> Could not resolve all files for configuration ':app:debugRuntimeClasspath'.
   > Could not find com.muddzdev:styleabletoast:1.0.5.
     Searched in the following locations:
       - https://dl.google.com/dl/android/maven2/com/muddzdev/styleabletoast/1.0.5/styleabletoast-1.0.5.pom
       - https://jcenter.bintray.com/com/muddzdev/styleabletoast/1.0.5/styleabletoast-1.0.5.pom
       - https://jitpack.io/com/muddzdev/styleabletoast/1.0.5/styleabletoast-1.0.5.pom
       - https://repo.maven.apache.org/maven2/com/muddzdev/styleabletoast/1.0.5/styleabletoast-1.0.5.pom
     Required by:
         project :app
   > Could not find com.tapadoo.android:alerter:7.2.4.
     Searched in the following locations:
       - https://dl.google.com/dl/android/maven2/com/tapadoo/android/alerter/7.2.4/alerter-7.2.4.pom
       - https://jcenter.bintray.com/com/tapadoo/android/alerter/7.2.4/alerter-7.2.4.pom
       - https://jitpack.io/com/tapadoo/android/alerter/7.2.4/alerter-7.2.4.pom
       - https://repo.maven.apache.org/maven2/com/tapadoo/android/alerter/7.2.4/alerter-7.2.4.pom
     Required by:
         project :app
   > Could not find com.agrawalsuneet.androidlibs:dotsloader:1.4.
     Searched in the following locations:
       - https://dl.google.com/dl/android/maven2/com/agrawalsuneet/androidlibs/dotsloader/1.4/dotsloader-1.4.pom
       - https://jcenter.bintray.com/com/agrawalsuneet/androidlibs/dotsloader/1.4/dotsloader-1.4.pom
       - https://jitpack.io/com/agrawalsuneet/androidlibs/dotsloader/1.4/dotsloader-1.4.pom
       - https://repo.maven.apache.org/maven2/com/agrawalsuneet/androidlibs/dotsloader/1.4/dotsloader-1.4.pom
     Required by:
         project :app
   > Could not find com.rishabhharit.roundedimageview:RoundedImageView:0.8.4.
     Searched in the following locations:
       - https://dl.google.com/dl/android/maven2/com/rishabhharit/roundedimageview/RoundedImageView/0.8.4/RoundedImageView-0.8.4.pom
       - https://jcenter.bintray.com/com/rishabhharit/roundedimageview/RoundedImageView/0.8.4/RoundedImageView-0.8.4.pom
       - https://jitpack.io/com/rishabhharit/roundedimageview/RoundedImageView/0.8.4/RoundedImageView-0.8.4.pom
       - https://repo.maven.apache.org/maven2/com/rishabhharit/roundedimageview/RoundedImageView/0.8.4/RoundedImageView-0.8.4.pom
     Required by:
         project :app
   > Could not resolve com.github.danylovolokh:hashtag-helper:1.1.0.
     Required by:
         project :app
      > Could not resolve com.github.danylovolokh:hashtag-helper:1.1.0.
         > Could not get resource 'https://jitpack.io/com/github/danylovolokh/hashtag-helper/1.1.0/hashtag-helper-1.1.0.pom'.
            > Could not GET 'https://jitpack.io/com/github/danylovolokh/hashtag-helper/1.1.0/hashtag-helper-1.1.0.pom'. Received status code 401 from server: Unauthorized

* Try:
> Run with --stacktrace option to get the stack trace.
> Run with --info or --debug option to get more log output.
> Run with --scan to get full insights.
> Get more help at https://help.gradle.org.
==============================================================================

Deprecated Gradle features were used in this build, making it incompatible with Gradle 9.0.

You can use '--warning-mode all' to show the individual deprecation warnings and determine if they come from your own scripts or plugins.

For more on this, please refer to https://docs.gradle.org/8.11.1/userguide/command_line_interface.html#sec:command_line_warnings in the Gradle documentation.

BUILD FAILED in 13s
54 actionable tasks: 54 executed
